This is pdfTeX, Version 3.141592653-2.6-1.40.23 (TeX Live 2021/W32TeX) (preloaded format=pdflatex 2022.3.31)  15 JAN 2023 23:34
entering extended mode
 restricted \write18 enabled.
 file:line:error style messages enabled.
 %&-line parsing enabled.
**c:/Users/giuli/Desktop/Progetto-dsl-2/report/main.tex
(c:/Users/giuli/Desktop/Progetto-dsl-2/report/main.tex
LaTeX2e <2021-11-15> patch level 1
L3 programming layer <2022-02-24> (./IEEEtran.cls
Document Class: IEEEtran 2015/08/26 V1.8b by Michael Shell
-- See the "IEEEtran_HOWTO" manual for usage information.
-- http://www.michaelshell.org/tex/ieeetran/
\@IEEEtrantmpdimenA=\dimen138
\@IEEEtrantmpdimenB=\dimen139
\@IEEEtrantmpdimenC=\dimen140
\@IEEEtrantmpcountA=\count185
\@IEEEtrantmpcountB=\count186
\@IEEEtrantmpcountC=\count187
\@IEEEtrantmptoksA=\toks16
LaTeX Font Info:    Trying to load font information for OT1+ptm on input line 503.
(c:/texlive/2021/texmf-dist/tex/latex/psnfss/ot1ptm.fd
File: ot1ptm.fd 2001/06/04 font definitions for OT1/ptm.
)
-- Using 8.5in x 11in (letter) paper.
-- Using PDF output.
\@IEEEnormalsizeunitybaselineskip=\dimen141
-- This is a 10 point document.
\CLASSINFOnormalsizebaselineskip=\dimen142
\CLASSINFOnormalsizeunitybaselineskip=\dimen143
\IEEEnormaljot=\dimen144
LaTeX Font Info:    Font shape `OT1/ptm/bx/n' in size <5> not available
(Font)              Font shape `OT1/ptm/b/n' tried instead on input line 1090.
LaTeX Font Info:    Font shape `OT1/ptm/bx/it' in size <5> not available
(Font)              Font shape `OT1/ptm/b/it' tried instead on input line 1090.
LaTeX Font Info:    Font shape `OT1/ptm/bx/n' in size <7> not available
(Font)              Font shape `OT1/ptm/b/n' tried instead on input line 1090.
LaTeX Font Info:    Font shape `OT1/ptm/bx/it' in size <7> not available
(Font)              Font shape `OT1/ptm/b/it' tried instead on input line 1090.
LaTeX Font Info:    Font shape `OT1/ptm/bx/n' in size <8> not available
(Font)              Font shape `OT1/ptm/b/n' tried instead on input line 1090.
LaTeX Font Info:    Font shape `OT1/ptm/bx/it' in size <8> not available
(Font)              Font shape `OT1/ptm/b/it' tried instead on input line 1090.
LaTeX Font Info:    Font shape `OT1/ptm/bx/n' in size <9> not available
(Font)              Font shape `OT1/ptm/b/n' tried instead on input line 1090.
LaTeX Font Info:    Font shape `OT1/ptm/bx/it' in size <9> not available
(Font)              Font shape `OT1/ptm/b/it' tried instead on input line 1090.
LaTeX Font Info:    Font shape `OT1/ptm/bx/n' in size <10> not available
(Font)              Font shape `OT1/ptm/b/n' tried instead on input line 1090.
LaTeX Font Info:    Font shape `OT1/ptm/bx/it' in size <10> not available
(Font)              Font shape `OT1/ptm/b/it' tried instead on input line 1090.
LaTeX Font Info:    Font shape `OT1/ptm/bx/n' in size <11> not available
(Font)              Font shape `OT1/ptm/b/n' tried instead on input line 1090.
LaTeX Font Info:    Font shape `OT1/ptm/bx/it' in size <11> not available
(Font)              Font shape `OT1/ptm/b/it' tried instead on input line 1090.
LaTeX Font Info:    Font shape `OT1/ptm/bx/n' in size <12> not available
(Font)              Font shape `OT1/ptm/b/n' tried instead on input line 1090.
LaTeX Font Info:    Font shape `OT1/ptm/bx/it' in size <12> not available
(Font)              Font shape `OT1/ptm/b/it' tried instead on input line 1090.
LaTeX Font Info:    Font shape `OT1/ptm/bx/n' in size <17> not available
(Font)              Font shape `OT1/ptm/b/n' tried instead on input line 1090.
LaTeX Font Info:    Font shape `OT1/ptm/bx/it' in size <17> not available
(Font)              Font shape `OT1/ptm/b/it' tried instead on input line 1090.
LaTeX Font Info:    Font shape `OT1/ptm/bx/n' in size <20> not available
(Font)              Font shape `OT1/ptm/b/n' tried instead on input line 1090.
LaTeX Font Info:    Font shape `OT1/ptm/bx/it' in size <20> not available
(Font)              Font shape `OT1/ptm/b/it' tried instead on input line 1090.
LaTeX Font Info:    Font shape `OT1/ptm/bx/n' in size <24> not available
(Font)              Font shape `OT1/ptm/b/n' tried instead on input line 1090.
LaTeX Font Info:    Font shape `OT1/ptm/bx/it' in size <24> not available
(Font)              Font shape `OT1/ptm/b/it' tried instead on input line 1090.
\IEEEquantizedlength=\dimen145
\IEEEquantizedlengthdiff=\dimen146
\IEEEquantizedtextheightdiff=\dimen147
\IEEEilabelindentA=\dimen148
\IEEEilabelindentB=\dimen149
\IEEEilabelindent=\dimen150
\IEEEelabelindent=\dimen151
\IEEEdlabelindent=\dimen152
\IEEElabelindent=\dimen153
\IEEEiednormlabelsep=\dimen154
\IEEEiedmathlabelsep=\dimen155
\IEEEiedtopsep=\skip47
\c@section=\count188
\c@subsection=\count189
\c@subsubsection=\count190
\c@paragraph=\count191
\c@IEEEsubequation=\count192
\abovecaptionskip=\skip48
\belowcaptionskip=\skip49
\c@figure=\count193
\c@table=\count194
\@IEEEeqnnumcols=\count195
\@IEEEeqncolcnt=\count196
\@IEEEsubeqnnumrollback=\count197
\@IEEEquantizeheightA=\dimen156
\@IEEEquantizeheightB=\dimen157
\@IEEEquantizeheightC=\dimen158
\@IEEEquantizeprevdepth=\dimen159
\@IEEEquantizemultiple=\count198
\@IEEEquantizeboxA=\box50
\@IEEEtmpitemindent=\dimen160
\IEEEPARstartletwidth=\dimen161
\c@IEEEbiography=\count199
\@IEEEtranrubishbin=\box51
) (c:/texlive/2021/texmf-dist/tex/latex/cite/cite.sty
LaTeX Info: Redefining \cite on input line 302.
LaTeX Info: Redefining \nocite on input line 332.
Package: cite 2015/02/27  v 5.5
) (c:/texlive/2021/texmf-dist/tex/latex/amsmath/amsmath.sty
Package: amsmath 2021/10/15 v2.17l AMS math features
\@mathmargin=\skip50

For additional information on amsmath, use the `?' option.
(c:/texlive/2021/texmf-dist/tex/latex/amsmath/amstext.sty
Package: amstext 2021/08/26 v2.01 AMS text
 (c:/texlive/2021/texmf-dist/tex/latex/amsmath/amsgen.sty
File: amsgen.sty 1999/11/30 v2.0 generic functions
\@emptytoks=\toks17
\ex@=\dimen162
)) (c:/texlive/2021/texmf-dist/tex/latex/amsmath/amsbsy.sty
Package: amsbsy 1999/11/29 v1.2d Bold Symbols
\pmbraise@=\dimen163
) (c:/texlive/2021/texmf-dist/tex/latex/amsmath/amsopn.sty
Package: amsopn 2021/08/26 v2.02 operator names
)
\inf@bad=\count266
LaTeX Info: Redefining \frac on input line 234.
\uproot@=\count267
\leftroot@=\count268
LaTeX Info: Redefining \overline on input line 399.
\classnum@=\count269
\DOTSCASE@=\count270
LaTeX Info: Redefining \ldots on input line 496.
LaTeX Info: Redefining \dots on input line 499.
LaTeX Info: Redefining \cdots on input line 620.
\Mathstrutbox@=\box52
\strutbox@=\box53
\big@size=\dimen164
LaTeX Font Info:    Redeclaring font encoding OML on input line 743.
LaTeX Font Info:    Redeclaring font encoding OMS on input line 744.
\macc@depth=\count271
\c@MaxMatrixCols=\count272
\dotsspace@=\muskip16
\c@parentequation=\count273
\dspbrk@lvl=\count274
\tag@help=\toks18
\row@=\count275
\column@=\count276
\maxfields@=\count277
\andhelp@=\toks19
\eqnshift@=\dimen165
\alignsep@=\dimen166
\tagshift@=\dimen167
\tagwidth@=\dimen168
\totwidth@=\dimen169
\lineht@=\dimen170
\@envbody=\toks20
\multlinegap=\skip51
\multlinetaggap=\skip52
\mathdisplay@stack=\toks21
LaTeX Info: Redefining \[ on input line 2938.
LaTeX Info: Redefining \] on input line 2939.
) (c:/texlive/2021/texmf-dist/tex/latex/amsfonts/amssymb.sty
Package: amssymb 2013/01/14 v3.01 AMS font symbols
 (c:/texlive/2021/texmf-dist/tex/latex/amsfonts/amsfonts.sty
Package: amsfonts 2013/01/14 v3.01 Basic AMSFonts support
\symAMSa=\mathgroup4
\symAMSb=\mathgroup5
LaTeX Font Info:    Redeclaring math symbol \hbar on input line 98.
LaTeX Font Info:    Overwriting math alphabet `\mathfrak' in version `bold'
(Font)                  U/euf/m/n --> U/euf/b/n on input line 106.
)) (c:/texlive/2021/texmf-dist/tex/latex/algorithms/algorithmic.sty
Package: algorithmic 2009/08/24 v0.1 Document Style `algorithmic'
 (c:/texlive/2021/texmf-dist/tex/latex/base/ifthen.sty
Package: ifthen 2020/11/24 v1.1c Standard LaTeX ifthen package (DPC)
) (c:/texlive/2021/texmf-dist/tex/latex/graphics/keyval.sty
Package: keyval 2014/10/28 v1.15 key=value parser (DPC)
\KV@toks@=\toks22
)
\c@ALC@unique=\count278
\c@ALC@line=\count279
\c@ALC@rem=\count280
\c@ALC@depth=\count281
\ALC@tlm=\skip53
\algorithmicindent=\skip54
) (c:/texlive/2021/texmf-dist/tex/latex/graphics/graphicx.sty
Package: graphicx 2021/09/16 v1.2d Enhanced LaTeX Graphics (DPC,SPQR)
 (c:/texlive/2021/texmf-dist/tex/latex/graphics/graphics.sty
Package: graphics 2021/03/04 v1.4d Standard LaTeX Graphics (DPC,SPQR)
 (c:/texlive/2021/texmf-dist/tex/latex/graphics/trig.sty
Package: trig 2021/08/11 v1.11 sin cos tan (DPC)
) (c:/texlive/2021/texmf-dist/tex/latex/graphics-cfg/graphics.cfg
File: graphics.cfg 2016/06/04 v1.11 sample graphics configuration
)
Package graphics Info: Driver file: pdftex.def on input line 107.
 (c:/texlive/2021/texmf-dist/tex/latex/graphics-def/pdftex.def
File: pdftex.def 2020/10/05 v1.2a Graphics/color driver for pdftex
))
\Gin@req@height=\dimen171
\Gin@req@width=\dimen172
) (c:/texlive/2021/texmf-dist/tex/latex/base/textcomp.sty
Package: textcomp 2020/02/02 v2.0n Standard LaTeX package
) (c:/texlive/2021/texmf-dist/tex/latex/xcolor/xcolor.sty
Package: xcolor 2021/10/31 v2.13 LaTeX color extensions (UK)
 (c:/texlive/2021/texmf-dist/tex/latex/graphics-cfg/color.cfg
File: color.cfg 2016/01/02 v1.6 sample color configuration
)
Package xcolor Info: Driver file: pdftex.def on input line 227.
Package xcolor Info: Model `cmy' substituted by `cmy0' on input line 1352.
Package xcolor Info: Model `hsb' substituted by `rgb' on input line 1356.
Package xcolor Info: Model `RGB' extended on input line 1368.
Package xcolor Info: Model `HTML' substituted by `rgb' on input line 1370.
Package xcolor Info: Model `Hsb' substituted by `hsb' on input line 1371.
Package xcolor Info: Model `tHsb' substituted by `hsb' on input line 1372.
Package xcolor Info: Model `HSB' substituted by `hsb' on input line 1373.
Package xcolor Info: Model `Gray' substituted by `gray' on input line 1374.
Package xcolor Info: Model `wave' substituted by `hsb' on input line 1375.
) (c:/texlive/2021/texmf-dist/tex/latex/booktabs/booktabs.sty
Package: booktabs 2020/01/12 v1.61803398 Publication quality tables
\heavyrulewidth=\dimen173
\lightrulewidth=\dimen174
\cmidrulewidth=\dimen175
\belowrulesep=\dimen176
\belowbottomsep=\dimen177
\aboverulesep=\dimen178
\abovetopsep=\dimen179
\cmidrulesep=\dimen180
\cmidrulekern=\dimen181
\defaultaddspace=\dimen182
\@cmidla=\count282
\@cmidlb=\count283
\@aboverulesep=\dimen183
\@belowrulesep=\dimen184
\@thisruleclass=\count284
\@lastruleclass=\count285
\@thisrulewidth=\dimen185
) (c:/texlive/2021/texmf-dist/tex/latex/caption/caption.sty
Package: caption 2022/03/01 v3.6b Customizing captions (AR)
 (c:/texlive/2021/texmf-dist/tex/latex/caption/caption3.sty
Package: caption3 2022/03/17 v2.3b caption3 kernel (AR)
\caption@tempdima=\dimen186
\captionmargin=\dimen187
\caption@leftmargin=\dimen188
\caption@rightmargin=\dimen189
\caption@width=\dimen190
\caption@indent=\dimen191
\caption@parindent=\dimen192
\caption@hangindent=\dimen193
Package caption Info: Unknown document class (or package),
(caption)             standard defaults will be used.
Package caption Info: \@makecaption = \long macro:#1#2->\ifx \@captype \@IEEEtablestring \footnotesize \bgroup \par \centering \@IEEEtabletopskipstrut {\normalfont \footnotesize #1}\\{\normalfont \footnotesize \scshape #2}\par \addvspace {0.5\baselineskip }\egroup \@IEEEtablecaptionsepspace \else \@IEEEfigurecaptionsepspace \setbox \@tempboxa \hbox {\normalfont \footnotesize {#1.}\nobreakspace \nobreakspace #2}\ifdim \wd \@tempboxa >\hsize \setbox \@tempboxa \hbox {\normalfont \footnotesize {#1.}\nobreakspace \nobreakspace }\parbox [t]{\hsize }{\normalfont \footnotesize \noindent \unhbox \@tempboxa #2}\else \ifCLASSOPTIONconference \hbox to\hsize {\normalfont \footnotesize \hfil \box \@tempboxa \hfil }\else \hbox to\hsize {\normalfont \footnotesize \box \@tempboxa \hfil }\fi \fi \fi  on input line 1176.
)

Package caption Warning: Unknown document class (or package),
(caption)                standard defaults will be used.
See the caption package documentation for explanation.

\c@caption@flags=\count286
\c@continuedfloat=\count287
) (c:/texlive/2021/texmf-dist/tex/latex/multirow/multirow.sty
Package: multirow 2021/03/15 v2.8 Span multiple rows of a table
\multirow@colwidth=\skip55
\multirow@cntb=\count288
\multirow@dima=\skip56
\bigstrutjot=\dimen194
) (c:/texlive/2021/texmf-dist/tex/latex/svg/svg.sty
Package: svg 2020/11/26 v2.02k (include SVG pictures)
 (c:/texlive/2021/texmf-dist/tex/generic/iftex/iftex.sty
Package: iftex 2022/02/03 v1.0f TeX engine tests
) (c:/texlive/2021/texmf-dist/tex/latex/koma-script/scrbase.sty
Package: scrbase 2021/11/13 v3.35 KOMA-Script package (KOMA-Script-independent basics and keyval usage)
 (c:/texlive/2021/texmf-dist/tex/latex/koma-script/scrlfile.sty
Package: scrlfile 2021/11/13 v3.35 KOMA-Script package (file load hooks)
 (c:/texlive/2021/texmf-dist/tex/latex/koma-script/scrlfile-hook.sty
Package: scrlfile-hook 2021/11/13 v3.35 KOMA-Script package (using LaTeX hooks)
 (c:/texlive/2021/texmf-dist/tex/latex/koma-script/scrlogo.sty
Package: scrlogo 2021/11/13 v3.35 KOMA-Script package (logo)
)))
Applying: [2021/05/01] Usage of raw or classic option list on input line 252.
Already applied: [0000/00/00] Usage of raw or classic option list on input line 368.
) (c:/texlive/2021/texmf-dist/tex/generic/pdftexcmds/pdftexcmds.sty
Package: pdftexcmds 2020-06-27 v0.33 Utility functions of pdfTeX for LuaTeX (HO)
 (c:/texlive/2021/texmf-dist/tex/generic/infwarerr/infwarerr.sty
Package: infwarerr 2019/12/03 v1.5 Providing info/warning/error messages (HO)
) (c:/texlive/2021/texmf-dist/tex/generic/ltxcmds/ltxcmds.sty
Package: ltxcmds 2020-05-10 v1.25 LaTeX kernel commands for general use (HO)
)
Package pdftexcmds Info: \pdf@primitive is available.
Package pdftexcmds Info: \pdf@ifprimitive is available.
Package pdftexcmds Info: \pdfdraftmode found.
) (c:/texlive/2021/texmf-dist/tex/latex/trimspaces/trimspaces.sty
Package: trimspaces 2009/09/17 v1.1 Trim spaces around a token list
) (c:/texlive/2021/texmf-dist/tex/latex/tools/shellesc.sty
Package: shellesc 2019/11/08 v1.0c unified shell escape interface for LaTeX
Package shellesc Info: Restricted shell escape enabled on input line 77.
)
\c@svg@param@lastpage=\count289
\svg@box=\box54
\c@svg@param@currpage=\count290
) (c:/texlive/2021/texmf-dist/tex/latex/transparent/transparent.sty
Package: transparent 2019/11/29 v1.4 Transparency via pdfTeX's color stack (HO)
 (c:/texlive/2021/texmf-dist/tex/latex/auxhook/auxhook.sty
Package: auxhook 2019-12-17 v1.6 Hooks for auxiliary files (HO)
)) (c:/texlive/2021/texmf-dist/tex/latex/pgf/systemlayer/pgfsys.sty (c:/texlive/2021/texmf-dist/tex/latex/pgf/utilities/pgfrcs.sty (c:/texlive/2021/texmf-dist/tex/generic/pgf/utilities/pgfutil-common.tex
\pgfutil@everybye=\toks23
\pgfutil@tempdima=\dimen195
\pgfutil@tempdimb=\dimen196
 (c:/texlive/2021/texmf-dist/tex/generic/pgf/utilities/pgfutil-common-lists.tex)) (c:/texlive/2021/texmf-dist/tex/generic/pgf/utilities/pgfutil-latex.def
\pgfutil@abb=\box55
) (c:/texlive/2021/texmf-dist/tex/generic/pgf/utilities/pgfrcs.code.tex (c:/texlive/2021/texmf-dist/tex/generic/pgf/pgf.revision.tex)
Package: pgfrcs 2021/05/15 v3.1.9a (3.1.9a)
)) (c:/texlive/2021/texmf-dist/tex/generic/pgf/systemlayer/pgfsys.code.tex
Package: pgfsys 2021/05/15 v3.1.9a (3.1.9a)
 (c:/texlive/2021/texmf-dist/tex/generic/pgf/utilities/pgfkeys.code.tex
\pgfkeys@pathtoks=\toks24
\pgfkeys@temptoks=\toks25
 (c:/texlive/2021/texmf-dist/tex/generic/pgf/utilities/pgfkeysfiltered.code.tex
\pgfkeys@tmptoks=\toks26
))
\pgf@x=\dimen197
\pgf@y=\dimen198
\pgf@xa=\dimen199
\pgf@ya=\dimen256
\pgf@xb=\dimen257
\pgf@yb=\dimen258
\pgf@xc=\dimen259
\pgf@yc=\dimen260
\pgf@xd=\dimen261
\pgf@yd=\dimen262
\w@pgf@writea=\write3
\r@pgf@reada=\read2
\c@pgf@counta=\count291
\c@pgf@countb=\count292
\c@pgf@countc=\count293
\c@pgf@countd=\count294
\t@pgf@toka=\toks27
\t@pgf@tokb=\toks28
\t@pgf@tokc=\toks29
\pgf@sys@id@count=\count295
 (c:/texlive/2021/texmf-dist/tex/generic/pgf/systemlayer/pgf.cfg
File: pgf.cfg 2021/05/15 v3.1.9a (3.1.9a)
)
Driver file for pgf: pgfsys-pdftex.def
 (c:/texlive/2021/texmf-dist/tex/generic/pgf/systemlayer/pgfsys-pdftex.def
File: pgfsys-pdftex.def 2021/05/15 v3.1.9a (3.1.9a)
 (c:/texlive/2021/texmf-dist/tex/generic/pgf/systemlayer/pgfsys-common-pdf.def
File: pgfsys-common-pdf.def 2021/05/15 v3.1.9a (3.1.9a)
))) (c:/texlive/2021/texmf-dist/tex/generic/pgf/systemlayer/pgfsyssoftpath.code.tex
File: pgfsyssoftpath.code.tex 2021/05/15 v3.1.9a (3.1.9a)
\pgfsyssoftpath@smallbuffer@items=\count296
\pgfsyssoftpath@bigbuffer@items=\count297
) (c:/texlive/2021/texmf-dist/tex/generic/pgf/systemlayer/pgfsysprotocol.code.tex
File: pgfsysprotocol.code.tex 2021/05/15 v3.1.9a (3.1.9a)
)) (c:/texlive/2021/texmf-dist/tex/latex/l3backend/l3backend-pdftex.def
File: l3backend-pdftex.def 2022-02-07 L3 backend support: PDF output (pdfTeX)
\l__color_backend_stack_int=\count298
\l__pdf_internal_box=\box56
) (./main.aux)
\openout1 = `main.aux'.

LaTeX Font Info:    Checking defaults for OML/cmm/m/it on input line 27.
LaTeX Font Info:    ... okay on input line 27.
LaTeX Font Info:    Checking defaults for OMS/cmsy/m/n on input line 27.
LaTeX Font Info:    ... okay on input line 27.
LaTeX Font Info:    Checking defaults for OT1/cmr/m/n on input line 27.
LaTeX Font Info:    ... okay on input line 27.
LaTeX Font Info:    Checking defaults for T1/cmr/m/n on input line 27.
LaTeX Font Info:    ... okay on input line 27.
LaTeX Font Info:    Checking defaults for TS1/cmr/m/n on input line 27.
LaTeX Font Info:    ... okay on input line 27.
LaTeX Font Info:    Checking defaults for OMX/cmex/m/n on input line 27.
LaTeX Font Info:    ... okay on input line 27.
LaTeX Font Info:    Checking defaults for U/cmr/m/n on input line 27.
LaTeX Font Info:    ... okay on input line 27.

-- Lines per column: 56 (exact).
(c:/texlive/2021/texmf-dist/tex/context/base/mkii/supp-pdf.mkii
[Loading MPS to PDF converter (version 2006.09.02).]
\scratchcounter=\count299
\scratchdimen=\dimen263
\scratchbox=\box57
\nofMPsegments=\count300
\nofMParguments=\count301
\everyMPshowfont=\toks30
\MPscratchCnt=\count302
\MPscratchDim=\dimen264
\MPnumerator=\count303
\makeMPintoPDFobject=\count304
\everyMPtoPDFconversion=\toks31
) (c:/texlive/2021/texmf-dist/tex/latex/epstopdf-pkg/epstopdf-base.sty
Package: epstopdf-base 2020-01-24 v2.11 Base part for package epstopdf
Package epstopdf-base Info: Redefining graphics rule for `.eps' on input line 485.
 (c:/texlive/2021/texmf-dist/tex/latex/latexconfig/epstopdf-sys.cfg
File: epstopdf-sys.cfg 2010/07/13 v1.3 Configuration of (r)epstopdf for TeX Live
))
Package caption Info: Begin \AtBeginDocument code.
Package caption Info: End \AtBeginDocument code.
LaTeX Font Info:    Trying to load font information for U+msa on input line 53.
 (c:/texlive/2021/texmf-dist/tex/latex/amsfonts/umsa.fd
File: umsa.fd 2013/01/14 v3.01 AMS symbols A
)
LaTeX Font Info:    Trying to load font information for U+msb on input line 53.
 (c:/texlive/2021/texmf-dist/tex/latex/amsfonts/umsb.fd
File: umsb.fd 2013/01/14 v3.01 AMS symbols B
)

LaTeX Warning: Reference `fig:intent' on page 1 undefined on input line 60.


Package svg Warning: You didn't enable `shell escape' (or `write18')
(svg)                so it wasn't possible to launch the Inkscape export
(svg)                for `figures//intent.svg' on input line 64.


c:/Users/giuli/Desktop/Progetto-dsl-2/report/main.tex:64: Package svg Error: File `intent_svg-tex.pdf' is missing.

See the svg package documentation for explanation.
Type  H <return>  for immediate help.
 ...                                              
                                                  
l.64     \includesvg[width=0.45\textwidth]{intent}
                                                  
Did you run the export with Inkscape? There's no file
`./svg-inkscape/intent_svg-tex.pdf'
although `figures//intent.svg' was found.


c:/Users/giuli/Desktop/Progetto-dsl-2/report/main.tex:64: Package svg Error: File `intent_svg-tex.pdf_tex' is missing.

See the svg package documentation for explanation.
Type  H <return>  for immediate help.
 ...                                              
                                                  
l.64     \includesvg[width=0.45\textwidth]{intent}
                                                  
Did you run the export with Inkscape? There's no file
`./svg-inkscape/intent_svg-tex.pdf_tex'
although `figures//intent.svg' was found.


LaTeX Warning: Reference `fig:perc' on page 1 undefined on input line 103.


Package svg Warning: You didn't enable `shell escape' (or `write18')
(svg)                so it wasn't possible to launch the Inkscape export
(svg)                for `figures//perc.svg' on input line 107.


c:/Users/giuli/Desktop/Progetto-dsl-2/report/main.tex:107: Package svg Error: File `perc_svg-tex.pdf' is missing.

See the svg package documentation for explanation.
Type  H <return>  for immediate help.
 ...                                              
                                                  
l.107     \includesvg[width=0.45\textwidth]{perc}
                                                 
Did you run the export with Inkscape? There's no file
`./svg-inkscape/perc_svg-tex.pdf'
although `figures//perc.svg' was found.


c:/Users/giuli/Desktop/Progetto-dsl-2/report/main.tex:107: Package svg Error: File `perc_svg-tex.pdf_tex' is missing.

See the svg package documentation for explanation.
Type  H <return>  for immediate help.
 ...                                              
                                                  
l.107     \includesvg[width=0.45\textwidth]{perc}
                                                 
Did you run the export with Inkscape? There's no file
`./svg-inkscape/perc_svg-tex.pdf_tex'
although `figures//perc.svg' was found.

[1{c:/texlive/2021/texmf-var/fonts/map/pdftex/updmap/pdftex.map}


]

Package svg Warning: You didn't enable `shell escape' (or `write18')
(svg)                so it wasn't possible to launch the Inkscape export
(svg)                for `figures//mfcc.svg' on input line 123.


c:/Users/giuli/Desktop/Progetto-dsl-2/report/main.tex:123: Package svg Error: File `mfcc_svg-tex.pdf' is missing.

See the svg package documentation for explanation.
Type  H <return>  for immediate help.
 ...                                              
                                                  
l.123     \includesvg[width=0.45\textwidth]{mfcc}
                                                 
Did you run the export with Inkscape? There's no file
`./svg-inkscape/mfcc_svg-tex.pdf'
although `figures//mfcc.svg' was found.


c:/Users/giuli/Desktop/Progetto-dsl-2/report/main.tex:123: Package svg Error: File `mfcc_svg-tex.pdf_tex' is missing.

See the svg package documentation for explanation.
Type  H <return>  for immediate help.
 ...                                              
                                                  
l.123     \includesvg[width=0.45\textwidth]{mfcc}
                                                 
Did you run the export with Inkscape? There's no file
`./svg-inkscape/mfcc_svg-tex.pdf_tex'
although `figures//mfcc.svg' was found.


LaTeX Warning: Reference `fig:mfcc' on page 2 undefined on input line 128.

LaTeX Font Info:    Trying to load font information for OT1+pcr on input line 129.
(c:/texlive/2021/texmf-dist/tex/latex/psnfss/ot1pcr.fd
File: ot1pcr.fd 2001/06/04 font definitions for OT1/pcr.
)

LaTeX Warning: Reference `tab:grid' on page 2 undefined on input line 160.


LaTeX Warning: Reference `tab:grid' on page 2 undefined on input line 192.


LaTeX Warning: Reference `tab:results_dev' on page 2 undefined on input line 193.


LaTeX Warning: Reference `fig:acc' on page 2 undefined on input line 217.


Underfull \hbox (badness 3407) in paragraph at lines 215--218
\OT1/ptm/m/n/10 Subsequently, we have val-i-dated our KNN and SVM
 []


Underfull \hbox (badness 2452) in paragraph at lines 215--218
\OT1/ptm/m/n/10 al-go-rithms with the best hy-per-pa-ram-e-ters con-fig-u-ra-tions
 []


Underfull \hbox (badness 10000) in paragraph at lines 215--218

 []

[2]

Package svg Warning: You didn't enable `shell escape' (or `write18')
(svg)                so it wasn't possible to launch the Inkscape export
(svg)                for `figures//acc.svg' on input line 221.


c:/Users/giuli/Desktop/Progetto-dsl-2/report/main.tex:221: Package svg Error: File `acc_svg-tex.pdf' is missing.

See the svg package documentation for explanation.
Type  H <return>  for immediate help.
 ...                                              
                                                  
l.221     \includesvg[width=0.45\textwidth]{acc}
                                                
Did you run the export with Inkscape? There's no file
`./svg-inkscape/acc_svg-tex.pdf'
although `figures//acc.svg' was found.


c:/Users/giuli/Desktop/Progetto-dsl-2/report/main.tex:221: Package svg Error: File `acc_svg-tex.pdf_tex' is missing.

See the svg package documentation for explanation.
Type  H <return>  for immediate help.
 ...                                              
                                                  
l.221     \includesvg[width=0.45\textwidth]{acc}
                                                
Did you run the export with Inkscape? There's no file
`./svg-inkscape/acc_svg-tex.pdf_tex'
although `figures//acc.svg' was found.


Underfull \hbox (badness 3536) in paragraph at lines 251--265
\OT1/ptm/m/n/10 PCA and KNN al-go-rithm for in-tent recog-ni-tion task.
 []


Underfull \hbox (badness 1917) in paragraph at lines 251--265
\OT1/ptm/m/n/10 The pre-pro-cess-ing steps such as fea-tures se-lec-tion and
 []


Underfull \hbox (badness 10000) in paragraph at lines 251--265
\OT1/ptm/m/n/10 MFCCs in par-tic-u-lar show great speech recog-ni-tion
 []


Underfull \hbox (badness 2556) in paragraph at lines 251--265
\OT1/ptm/m/n/10 per-for-mances in a clear en-vi-ron-ment, while they have
 []


Underfull \hbox (badness 2376) in paragraph at lines 251--265
\OT1/ptm/m/n/10 poor ro-bust-ness to noise sig-nals. In or-der to en-hance
 []


Underfull \hbox (badness 3343) in paragraph at lines 251--265
\OT1/ptm/m/n/10 ro-bust-ness, mean and vari-ance nor-mal-iza-tion has been
 []


Underfull \hbox (badness 10000) in paragraph at lines 251--265

 []

No file main.bbl.

** Conference Paper **
Before submitting the final camera ready copy, remember to:

 1. Manually equalize the lengths of two columns on the last page
 of your paper;

 2. Ensure that any PostScript and/or PDF output post-processing
 uses only Type 1 fonts and that every step in the generation
 process uses the appropriate paper size.

[3] (./main.aux)

LaTeX Warning: There were undefined references.


LaTeX Warning: Label(s) may have changed. Rerun to get cross-references right.

 ) 
Here is how much of TeX's memory you used:
 8074 strings out of 478276
 148091 string characters out of 5850489
 470552 words of memory out of 5000000
 26122 multiletter control sequences out of 15000+600000
 505047 words of font info for 99 fonts, out of 8000000 for 9000
 1141 hyphenation exceptions out of 8191
 94i,11n,92p,390b,296s stack positions out of 5000i,500n,10000p,200000b,80000s
{c:/texlive/2021/texmf-dist/fonts/enc/dvips/base/8r.enc}<c:/texlive/2021/texmf-dist/fonts/type1/public/amsfonts/cm/cmmi10.pfb><c:/texlive/2021/texmf-dist/fonts/type1/public/amsfonts/cm/cmr10.pfb><c:/texlive/2021/texmf-dist/fonts/type1/public/amsfonts/cm/cmsy10.pfb><c:/texlive/2021/texmf-dist/fonts/type1/public/amsfonts/cm/cmsy7.pfb><c:/texlive/2021/texmf-dist/fonts/type1/urw/courier/ucrr8a.pfb><c:/texlive/2021/texmf-dist/fonts/type1/urw/times/utmb8a.pfb><c:/texlive/2021/texmf-dist/fonts/type1/urw/times/utmbi8a.pfb><c:/texlive/2021/texmf-dist/fonts/type1/urw/times/utmr8a.pfb><c:/texlive/2021/texmf-dist/fonts/type1/urw/times/utmri8a.pfb>
Output written on main.pdf (3 pages, 114251 bytes).
PDF statistics:
 63 PDF objects out of 1000 (max. 8388607)
 39 compressed objects within 1 object stream
 0 named destinations out of 1000 (max. 500000)
 13 words of extra memory for PDF output out of 10000 (max. 10000000)

